# JRE version: Java(TM) SE Runtime Environment (8.0_331-b09) (build 1.8.0_331-b09)
# Java VM: Java HotSpot(TM) 64-Bit Server VM (25.331-b09 mixed mode windows-amd64 compressed oops)
Heap:
 PSYoungGen      total 92160K, used 78468K [0x00000000eb300000, 0x00000000f3580000, 0x0000000100000000)
  eden space 80896K, 96% used [0x00000000eb300000,0x00000000effa1348,0x00000000f0200000)
  from space 11264K, 0% used [0x00000000f1680000,0x00000000f1680000,0x00000000f2180000)
  to   space 20992K, 0% used [0x00000000f0200000,0x00000000f0200000,0x00000000f1680000)
 ParOldGen       total 93184K, used 36507K [0x00000000c1800000, 0x00000000c7300000, 0x00000000eb300000)
  object space 93184K, 39% used [0x00000000c1800000,0x00000000c3ba6fb8,0x00000000c7300000)
 Metaspace       used 28819K, capacity 30526K, committed 30592K, reserved 1075200K
  class space    used 3810K, capacity 4183K, committed 4224K, reserved 1048576K
GC Heap History (10 events):
Event: 6.065 GC heap before
{Heap before GC invocations=6 (full 0):
 PSYoungGen      total 35328K, used 31591K [0x00000000eb300000, 0x00000000f0100000, 0x0000000100000000)
  eden space 32768K, 88% used [0x00000000eb300000,0x00000000ecf5ecb8,0x00000000ed300000)
  from space 2560K, 99% used [0x00000000ed300000,0x00000000ed57b330,0x00000000ed580000)
  to   space 7168K, 0% used [0x00000000efa00000,0x00000000efa00000,0x00000000f0100000)
 ParOldGen       total 44032K, used 8433K [0x00000000c1800000, 0x00000000c4300000, 0x00000000eb300000)
  object space 44032K, 19% used [0x00000000c1800000,0x00000000c203c750,0x00000000c4300000)
 Metaspace       used 20293K, capacity 21190K, committed 21296K, reserved 1067008K
  class space    used 2670K, capacity 2907K, committed 2944K, reserved 1048576K
Event: 6.081 GC heap after
Heap after GC invocations=6 (full 0):
 PSYoungGen      total 71680K, used 6539K [0x00000000eb300000, 0x00000000f0300000, 0x0000000100000000)
  eden space 64512K, 0% used [0x00000000eb300000,0x00000000eb300000,0x00000000ef200000)
  from space 7168K, 91% used [0x00000000efa00000,0x00000000f0062ff8,0x00000000f0100000)
  to   space 8192K, 0% used [0x00000000ef200000,0x00000000ef200000,0x00000000efa00000)
 ParOldGen       total 44032K, used 8433K [0x00000000c1800000, 0x00000000c4300000, 0x00000000eb300000)
  object space 44032K, 19% used [0x00000000c1800000,0x00000000c203c750,0x00000000c4300000)
 Metaspace       used 20293K, capacity 21190K, committed 21296K, reserved 1067008K
  class space    used 2670K, capacity 2907K, committed 2944K, reserved 1048576K
}
Event: 6.081 GC heap before
{Heap before GC invocations=7 (full 1):
 PSYoungGen      total 71680K, used 6539K [0x00000000eb300000, 0x00000000f0300000, 0x0000000100000000)
  eden space 64512K, 0% used [0x00000000eb300000,0x00000000eb300000,0x00000000ef200000)
  from space 7168K, 91% used [0x00000000efa00000,0x00000000f0062ff8,0x00000000f0100000)
  to   space 8192K, 0% used [0x00000000ef200000,0x00000000ef200000,0x00000000efa00000)
 ParOldGen       total 44032K, used 8433K [0x00000000c1800000, 0x00000000c4300000, 0x00000000eb300000)
  object space 44032K, 19% used [0x00000000c1800000,0x00000000c203c750,0x00000000c4300000)
 Metaspace       used 20293K, capacity 21190K, committed 21296K, reserved 1067008K
  class space    used 2670K, capacity 2907K, committed 2944K, reserved 1048576K
Event: 6.184 GC heap after
Heap after GC invocations=7 (full 1):
 PSYoungGen      total 71680K, used 0K [0x00000000eb300000, 0x00000000f0300000, 0x0000000100000000)
  eden space 64512K, 0% used [0x00000000eb300000,0x00000000eb300000,0x00000000ef200000)
  from space 7168K, 0% used [0x00000000efa00000,0x00000000efa00000,0x00000000f0100000)
  to   space 8192K, 0% used [0x00000000ef200000,0x00000000ef200000,0x00000000efa00000)
 ParOldGen       total 39936K, used 10020K [0x00000000c1800000, 0x00000000c3f00000, 0x00000000eb300000)
  object space 39936K, 25% used [0x00000000c1800000,0x00000000c21c92c8,0x00000000c3f00000)
 Metaspace       used 20293K, capacity 21190K, committed 21296K, reserved 1067008K
  class space    used 2670K, capacity 2907K, committed 2944K, reserved 1048576K
}
Event: 25.597 GC heap before
{Heap before GC invocations=8 (full 1):
 PSYoungGen      total 71680K, used 64512K [0x00000000eb300000, 0x00000000f0300000, 0x0000000100000000)
  eden space 64512K, 100% used [0x00000000eb300000,0x00000000ef200000,0x00000000ef200000)
  from space 7168K, 0% used [0x00000000efa00000,0x00000000efa00000,0x00000000f0100000)
  to   space 8192K, 0% used [0x00000000ef200000,0x00000000ef200000,0x00000000efa00000)
 ParOldGen       total 39936K, used 10020K [0x00000000c1800000, 0x00000000c3f00000, 0x00000000eb300000)
  object space 39936K, 25% used [0x00000000c1800000,0x00000000c21c92c8,0x00000000c3f00000)
 Metaspace       used 27378K, capacity 28908K, committed 29184K, reserved 1075200K
  class space    used 3730K, capacity 4072K, committed 4096K, reserved 1048576K
Event: 25.624 GC heap after
Heap after GC invocations=8 (full 1):
 PSYoungGen      total 72704K, used 8162K [0x00000000eb300000, 0x00000000f2180000, 0x0000000100000000)
  eden space 64512K, 0% used [0x00000000eb300000,0x00000000eb300000,0x00000000ef200000)
  from space 8192K, 99% used [0x00000000ef200000,0x00000000ef9f8bc8,0x00000000efa00000)
  to   space 11264K, 0% used [0x00000000f1680000,0x00000000f1680000,0x00000000f2180000)
 ParOldGen       total 39936K, used 13323K [0x00000000c1800000, 0x00000000c3f00000, 0x00000000eb300000)
  object space 39936K, 33% used [0x00000000c1800000,0x00000000c2502f20,0x00000000c3f00000)
 Metaspace       used 27378K, capacity 28908K, committed 29184K, reserved 1075200K
  class space    used 3730K, capacity 4072K, committed 4096K, reserved 1048576K
}
Event: 407.736 GC heap before
{Heap before GC invocations=9 (full 1):
 PSYoungGen      total 72704K, used 72674K [0x00000000eb300000, 0x00000000f2180000, 0x0000000100000000)
  eden space 64512K, 100% used [0x00000000eb300000,0x00000000ef200000,0x00000000ef200000)
  from space 8192K, 99% used [0x00000000ef200000,0x00000000ef9f8bc8,0x00000000efa00000)
  to   space 11264K, 0% used [0x00000000f1680000,0x00000000f1680000,0x00000000f2180000)
 ParOldGen       total 39936K, used 13323K [0x00000000c1800000, 0x00000000c3f00000, 0x00000000eb300000)
  object space 39936K, 33% used [0x00000000c1800000,0x00000000c2502f20,0x00000000c3f00000)
 Metaspace       used 28300K, capacity 29924K, committed 30080K, reserved 1075200K
  class space    used 3783K, capacity 4132K, committed 4224K, reserved 1048576K
Event: 414.445 GC heap after
Heap after GC invocations=9 (full 1):
 PSYoungGen      total 92160K, used 11252K [0x00000000eb300000, 0x00000000f3580000, 0x0000000100000000)
  eden space 80896K, 0% used [0x00000000eb300000,0x00000000eb300000,0x00000000f0200000)
  from space 11264K, 99% used [0x00000000f1680000,0x00000000f217d0b0,0x00000000f2180000)
  to   space 20992K, 0% used [0x00000000f0200000,0x00000000f0200000,0x00000000f1680000)
 ParOldGen       total 39936K, used 31684K [0x00000000c1800000, 0x00000000c3f00000, 0x00000000eb300000)
  object space 39936K, 79% used [0x00000000c1800000,0x00000000c36f12a8,0x00000000c3f00000)
 Metaspace       used 28300K, capacity 29924K, committed 30080K, reserved 1075200K
  class space    used 3783K, capacity 4132K, committed 4224K, reserved 1048576K
}
Event: 414.445 GC heap before
{Heap before GC invocations=10 (full 2):
 PSYoungGen      total 92160K, used 11252K [0x00000000eb300000, 0x00000000f3580000, 0x0000000100000000)
  eden space 80896K, 0% used [0x00000000eb300000,0x00000000eb300000,0x00000000f0200000)
  from space 11264K, 99% used [0x00000000f1680000,0x00000000f217d0b0,0x00000000f2180000)
  to   space 20992K, 0% used [0x00000000f0200000,0x00000000f0200000,0x00000000f1680000)
 ParOldGen       total 39936K, used 31684K [0x00000000c1800000, 0x00000000c3f00000, 0x00000000eb300000)
  object space 39936K, 79% used [0x00000000c1800000,0x00000000c36f12a8,0x00000000c3f00000)
 Metaspace       used 28300K, capacity 29924K, committed 30080K, reserved 1075200K
  class space    used 3783K, capacity 4132K, committed 4224K, reserved 1048576K
Event: 434.973 GC heap after
Heap after GC invocations=10 (full 2):
 PSYoungGen      total 92160K, used 0K [0x00000000eb300000, 0x00000000f3580000, 0x0000000100000000)
  eden space 80896K, 0% used [0x00000000eb300000,0x00000000eb300000,0x00000000f0200000)
  from space 11264K, 0% used [0x00000000f1680000,0x00000000f1680000,0x00000000f2180000)
  to   space 20992K, 0% used [0x00000000f0200000,0x00000000f0200000,0x00000000f1680000)
 ParOldGen       total 93184K, used 36507K [0x00000000c1800000, 0x00000000c7300000, 0x00000000eb300000)
  object space 93184K, 39% used [0x00000000c1800000,0x00000000c3ba6fb8,0x00000000c7300000)
 Metaspace       used 28300K, capacity 29924K, committed 30080K, reserved 1075200K
  class space    used 3783K, capacity 4132K, committed 4224K, reserved 1048576K
}

